
[2021-06-16T12:58:04.934Z] error: Input values missing from tx.
[2021-06-16T12:58:04.936Z] error: Input values missing from tx.
[2021-06-16T12:58:04.938Z] error: Input values missing from tx.
[2021-06-16T12:58:04.940Z] error: Input values missing from tx.
[2021-06-16T12:58:04.942Z] error: Input values missing from tx.
[2021-06-16T12:58:04.945Z] error: Input values missing from tx.
[2021-06-16T12:58:04.947Z] error: Input values missing from tx.
[2021-06-16T12:58:04.949Z] error: Input values missing from tx.
[2021-06-16T12:58:04.951Z] error: Input values missing from tx.
[2021-06-16T12:58:04.953Z] error: Input values missing from tx.
[2021-06-16T12:58:04.954Z] error: Input values missing from tx.
[2021-06-16T12:58:04.956Z] error: Input values missing from tx.
[2021-06-16T12:58:04.957Z] error: Input values missing from tx.
[2021-06-16T12:58:04.959Z] error: Input values missing from tx.
[2021-06-16T12:58:04.960Z] error: Input values missing from tx.
[2021-06-16T12:58:04.962Z] error: Input values missing from tx.
[2021-06-16T12:58:04.963Z] error: Input values missing from tx.
[2021-06-16T12:58:04.965Z] error: Input values missing from tx.
[2021-06-16T12:58:04.966Z] error: Input values missing from tx.
[2021-06-16T12:58:04.968Z] error: Input values missing from tx.
[2021-06-16T12:58:04.969Z] error: Input values missing from tx.
[2021-06-16T12:58:04.971Z] error: Input values missing from tx.
[2021-06-16T12:58:04.972Z] error: Input values missing from tx.
[2021-06-16T12:58:04.973Z] error: Input values missing from tx.
[2021-06-16T12:58:04.974Z] error: Input values missing from tx.
[2021-06-16T12:58:04.977Z] error: Input values missing from tx.
[2021-06-16T12:58:04.979Z] error: Input values missing from tx.
[2021-06-16T12:58:04.982Z] error: Input values missing from tx.
[2021-06-16T12:58:04.984Z] error: Input values missing from tx.
[2021-06-16T12:58:04.986Z] error: Input values missing from tx.
[2021-06-16T12:58:04.987Z] error: Input values missing from tx.
[2021-06-16T12:58:04.990Z] error: Input values missing from tx.
[2021-06-16T12:58:04.990Z] error: Input values missing from tx.
[2021-06-16T12:58:04.992Z] error: Input values missing from tx.
[2021-06-16T12:58:05.001Z] error: Input values missing from tx.
[2021-06-16T12:58:05.104Z] error: Input values missing from tx.
[2021-06-16T12:58:05.105Z] error: Input values missing from tx.
[2021-06-16T12:58:05.106Z] error: Input values missing from tx.
[2021-06-16T12:58:05.113Z] error: Input values missing from tx.
[2021-06-16T12:58:05.116Z] error: Input values missing from tx.
[2021-06-16T12:58:05.117Z] error: Input values missing from tx.
[2021-06-16T12:58:05.119Z] error: Input values missing from tx.
[2021-06-16T12:58:05.120Z] error: Input values missing from tx.
[2021-06-16T12:58:05.121Z] error: Input values missing from tx.
[2021-06-16T12:58:05.122Z] error: Input values missing from tx.
[2021-06-16T12:58:05.127Z] error: Input values missing from tx.
[2021-06-16T12:58:05.128Z] error: Input values missing from tx.
[2021-06-16T12:58:05.131Z] error: Input values missing from tx.
[2021-06-16T12:58:05.132Z] error: Input values missing from tx.
[2021-06-16T12:58:05.133Z] error: Input values missing from tx.
[2021-06-16T12:58:05.134Z] error: Input values missing from tx.
[2021-06-16T12:58:05.136Z] error: Input values missing from tx.
[2021-06-16T12:58:05.137Z] error: Input values missing from tx.
[2021-06-16T12:58:05.148Z] error: Input values missing from tx.
[2021-06-16T12:58:05.150Z] error: Input values missing from tx.
[2021-06-16T12:58:05.154Z] error: Input values missing from tx.
[2021-06-16T12:58:05.155Z] error: Input values missing from tx.
[2021-06-16T12:58:05.157Z] error: Input values missing from tx.
[2021-06-16T12:58:05.158Z] error: Input values missing from tx.
[2021-06-16T12:58:05.164Z] error: Input values missing from tx.
[2021-06-16T12:58:05.171Z] error: Input values missing from tx.
[2021-06-16T12:58:05.173Z] error: Input values missing from tx.
[2021-06-16T12:58:05.174Z] error: Input values missing from tx.
[2021-06-16T12:58:05.176Z] error: Input values missing from tx.
[2021-06-16T12:58:05.177Z] error: Input values missing from tx.
[2021-06-16T12:58:05.179Z] error: Input values missing from tx.
[2021-06-16T12:58:05.180Z] error: Input values missing from tx.
[2021-06-16T12:58:05.182Z] error: Input values missing from tx.
[2021-06-16T12:58:05.183Z] error: Input values missing from tx.
[2021-06-16T12:58:05.184Z] error: Input values missing from tx.
[2021-06-16T12:58:05.186Z] error: Input values missing from tx.
[2021-06-16T12:58:05.187Z] error: Input values missing from tx.
[2021-06-16T12:58:05.189Z] error: Input values missing from tx.
[2021-06-16T12:58:05.192Z] error: Input values missing from tx.
[2021-06-16T12:58:05.193Z] error: Input values missing from tx.
[2021-06-16T12:58:05.197Z] error: Input values missing from tx.
[2021-06-16T12:58:05.198Z] error: Input values missing from tx.
[2021-06-16T12:58:05.199Z] error: Input values missing from tx.
[2021-06-16T12:58:05.200Z] error: Input values missing from tx.
[2021-06-16T12:58:05.202Z] error: Input values missing from tx.
[2021-06-16T12:58:05.203Z] error: Input values missing from tx.
[2021-06-16T12:58:05.205Z] error: Input values missing from tx.
[2021-06-16T12:58:05.207Z] error: Input values missing from tx.
[2021-06-16T12:58:05.209Z] error: Input values missing from tx.
[2021-06-16T12:58:05.210Z] error: Input values missing from tx.
[2021-06-16T12:58:05.211Z] error: Input values missing from tx.
[2021-06-16T12:58:05.212Z] error: Input values missing from tx.
[2021-06-16T12:58:05.214Z] error: Input values missing from tx.
[2021-06-16T12:58:05.215Z] error: Input values missing from tx.
[2021-06-16T12:58:05.217Z] error: Input values missing from tx.
[2021-06-16T12:58:05.218Z] error: Input values missing from tx.
[2021-06-16T12:58:05.219Z] error: Input values missing from tx.
[2021-06-16T12:58:05.220Z] error: Input values missing from tx.
[2021-06-16T12:58:05.222Z] error: Input values missing from tx.
[2021-06-16T12:58:05.223Z] error: Input values missing from tx.
[2021-06-16T12:58:05.224Z] error: Input values missing from tx.
[2021-06-16T12:58:05.225Z] error: Input values missing from tx.
[2021-06-16T12:58:05.227Z] error: Input values missing from tx.
[2021-06-16T12:58:05.228Z] error: Input values missing from tx.
[2021-06-16T12:58:05.230Z] error: Input values missing from tx.
[2021-06-16T12:58:05.231Z] error: Input values missing from tx.
[2021-06-16T12:58:05.233Z] error: Input values missing from tx.
[2021-06-16T12:58:05.234Z] error: Input values missing from tx.
[2021-06-16T12:58:05.236Z] error: Input values missing from tx.
[2021-06-16T12:58:05.237Z] error: Input values missing from tx.
[2021-06-16T12:58:05.238Z] error: Input values missing from tx.
[2021-06-16T12:58:05.239Z] error: Input values missing from tx.
[2021-06-16T12:58:05.241Z] error: Input values missing from tx.
[2021-06-16T12:58:05.242Z] error: Input values missing from tx.
[2021-06-16T12:58:05.244Z] error: Input values missing from tx.
[2021-06-16T12:58:05.246Z] error: Input values missing from tx.
[2021-06-16T12:58:05.247Z] error: Input values missing from tx.
[2021-06-16T12:58:05.248Z] error: Input values missing from tx.
[2021-06-16T12:58:05.250Z] error: Input values missing from tx.
[2021-06-16T12:58:05.251Z] error: Input values missing from tx.
[2021-06-16T12:58:05.254Z] error: Input values missing from tx.
[2021-06-16T12:58:05.266Z] error: Input values missing from tx.
[2021-06-16T12:58:05.266Z] error: Input values missing from tx.
[2021-06-16T12:58:05.267Z] error: Input values missing from tx.
[2021-06-16T12:58:05.268Z] error: Input values missing from tx.
[2021-06-16T12:58:05.268Z] info: Block Service: download progress: 4804064/4804064  (100.0000%)
[2021-06-16T12:58:05.268Z] info: Block Service: starting p2p block subscription.
[2021-06-16T12:58:05.268Z] info: localhost-block subscribe: p2p/block total: 2
[2021-06-16T12:58:05.268Z] info: Mempool Service: Mempool enabled.
[2021-06-16T12:58:05.268Z] info: Block Service: The best block hash is: b99442a6007aa2d61cc0dbc24014dea9d5d32a6ed8e0c820a60997c54a2a2ab2 at height: 4804064. Time between the last 2 blocks (adjusted): 7 minute(s). 21 second(s). 0 millisecond(s).
[2021-06-16T12:58:22.670Z] info: ::ffff:127.0.0.1 "GET /api/sync" 200 121 0.344 "curl/7.52.1"
[2021-06-16T12:58:52.756Z] info: ::ffff:127.0.0.1 "GET /api/sync" 200 121 0.256 "curl/7.52.1"
[2021-06-16T12:58:04.818Z] info: Block Service: saved tip is good to go.
[2021-06-16T12:58:04.818Z] info: Block Service: Gathering: 143 block(s) from the peer-to-peer network.
[2021-06-16T12:58:05.268Z] info: Block Service: download progress: 4804064/4804064  (100.0000%)
[2021-06-16T12:58:05.268Z] info: Block Service: starting p2p block subscription.
[2021-06-16T12:58:05.268Z] info: localhost-block subscribe: p2p/block total: 2
[2021-06-16T12:58:05.268Z] info: Mempool Service: Mempool enabled.
[2021-06-16T12:58:05.268Z] info: Block Service: The best block hash is: b99442a6007aa2d61cc0dbc24014dea9d5d32a6ed8e0c820a60997c54a2a2ab2 at height: 4804064. Time between the last 2 blocks (adjusted): 7 minute(s). 21 second(s). 0 millisecond(s).
[2021-06-16T12:58:22.670Z] info: ::ffff:127.0.0.1 "GET /api/sync" 200 121 0.344 "curl/7.52.1"
[2021-06-16T12:58:52.756Z] info: ::ffff:127.0.0.1 "GET /api/sync" 200 121 0.256 "curl/7.52.1"
[2021-06-16T12:58:54.623Z] info: ::ffff:127.0.0.1 "GET /api/status?q=getBestBlockHash" 200 84 0.240 "curl/7.52.1"
[2021-06-16T12:59:22.850Z] info: ::ffff:127.0.0.1 "GET /api/sync" 200 121 0.225 "curl/7.52.1"
[2021-06-16T12:59:52.933Z] info: ::ffff:127.0.0.1 "GET /api/sync" 200 121 0.363 "curl/7.52.1"
[2021-06-16T13:00:23.024Z] info: ::ffff:127.0.0.1 "GET /api/sync" 200 121 0.223 "curl/7.52.1"
[2021-06-16T13:00:53.120Z] info: ::ffff:127.0.0.1 "GET /api/sync" 200 121 0.251 "curl/7.52.1"
[2021-06-16T13:01:23.214Z] info: ::ffff:127.0.0.1 "GET /api/sync" 200 121 0.193 "curl/7.52.1"
[2021-06-16T13:01:53.324Z] info: ::ffff:127.0.0.1 "GET /api/sync" 200 121 0.233 "curl/7.52.1"
[2021-06-16T13:02:23.415Z] info: ::ffff:127.0.0.1 "GET /api/sync" 200 121 0.250 "curl/7.52.1"
[2021-06-16T13:02:53.519Z] info: ::ffff:127.0.0.1 "GET /api/sync" 200 121 0.288 "curl/7.52.1"
[2021-06-16T13:03:23.606Z] info: ::ffff:127.0.0.1 "GET /api/sync" 200 121 0.197 "curl/7.52.1"
[2021-06-16T13:03:53.706Z] info: ::ffff:127.0.0.1 "GET /api/sync" 200 121 0.185 "curl/7.52.1"
[2021-06-16T12:59:52.933Z] info: ::ffff:127.0.0.1 "GET /api/sync" 200 121 0.363 "curl/7.52.1"
[2021-06-16T13:00:23.024Z] info: ::ffff:127.0.0.1 "GET /api/sync" 200 121 0.223 "curl/7.52.1"
[2021-06-16T13:00:53.120Z] info: ::ffff:127.0.0.1 "GET /api/sync" 200 121 0.251 "curl/7.52.1"
[2021-06-16T13:01:23.214Z] info: ::ffff:127.0.0.1 "GET /api/sync" 200 121 0.193 "curl/7.52.1"
[2021-06-16T13:01:53.324Z] info: ::ffff:127.0.0.1 "GET /api/sync" 200 121 0.233 "curl/7.52.1"
[2021-06-16T13:02:23.415Z] info: ::ffff:127.0.0.1 "GET /api/sync" 200 121 0.250 "curl/7.52.1"
[2021-06-16T13:02:53.519Z] info: ::ffff:127.0.0.1 "GET /api/sync" 200 121 0.288 "curl/7.52.1"
[2021-06-16T13:03:23.606Z] info: ::ffff:127.0.0.1 "GET /api/sync" 200 121 0.197 "curl/7.52.1"
[2021-06-16T13:03:53.706Z] info: ::ffff:127.0.0.1 "GET /api/sync" 200 121 0.185 "curl/7.52.1"
[2021-06-16T13:03:54.651Z] info: ::ffff:127.0.0.1 "GET /api/status?q=getBestBlockHash" 200 84 0.296 "curl/7.52.1"
[info] (chain) Block b1086b6b51db0c6e29b9e4e7c94477db979f4ce190b15fe4e41b9424e6b3a90f (4804065) added to chain (size=329 txs=1 time=2.157324).
[2021-06-16T13:04:00.853Z] error: Input values missing from tx.
[2021-06-16T13:04:00.854Z] info: Block Service: The best block hash is: b1086b6b51db0c6e29b9e4e7c94477db979f4ce190b15fe4e41b9424e6b3a90f at height: 4804065. Time between the last 2 blocks (adjusted): 5 minute(s). 49 second(s). 0 millisecond(s).
[info] (chain) Block 80371bd6fe36bbff257685a211aaaa03ec2ad301cf1c0d20fce83b753b885b26 (4804066) added to chain (size=330 txs=1 time=2.504465).
[2021-06-16T13:04:22.167Z] error: Input values missing from tx.
[2021-06-16T13:04:22.167Z] info: Block Service: The best block hash is: 80371bd6fe36bbff257685a211aaaa03ec2ad301cf1c0d20fce83b753b885b26 at height: 4804066. Time between the last 2 blocks (adjusted): 14 second(s). 0 millisecond(s).
[2021-06-16T13:04:23.806Z] info: ::ffff:127.0.0.1 "GET /api/sync" 200 121 1.983 "curl/7.52.1"
[info] (chain) Block 0d2be8331640d8194ef3043160e2a934e9c4815cae64570fff59798961b9e4c9 (4804067) added to chain (size=330 txs=1 time=2.621798).
[2021-06-16T13:04:23.898Z] error: Input values missing from tx.
[2021-06-16T13:04:23.899Z] info: Block Service: The best block hash is: 0d2be8331640d8194ef3043160e2a934e9c4815cae64570fff59798961b9e4c9 at height: 4804067. Time between the last 2 blocks (adjusted): 22 second(s). 0 millisecond(s).
[info] (chain) Block 422df3ca03fe9c001f14fffd996f787795ac5935ae95bf6f62707d150c3a3550 (4804068) added to chain (size=330 txs=1 time=1.692759).
[2021-06-16T13:04:25.868Z] error: Input values missing from tx.
[2021-06-16T13:04:25.870Z] info: Block Service: The best block hash is: 422df3ca03fe9c001f14fffd996f787795ac5935ae95bf6f62707d150c3a3550 at height: 4804068. Time between the last 2 blocks (adjusted): 1 second(s). 0 millisecond(s).
[info] (chain) Block 6357fdc510372974e4f9cc17edee450f35d6cfbe65f8f06d8b16d5fb1446a8e8 (4804069) added to chain (size=330 txs=1 time=1.813761).
[2021-06-16T13:04:29.643Z] error: Input values missing from tx.
[2021-06-16T13:04:29.644Z] info: Block Service: The best block hash is: 6357fdc510372974e4f9cc17edee450f35d6cfbe65f8f06d8b16d5fb1446a8e8 at height: 4804069. Time between the last 2 blocks (adjusted): 2 second(s). 0 millisecond(s).
[info] (chain) Block 139214c0b61d6f2e7828e9a5ae50cd9b62e47221e4dc7b8e330cfc7a982c7854 (4804070) added to chain (size=330 txs=1 time=2.446624).
[2021-06-16T13:04:34.137Z] error: Input values missing from tx.
[2021-06-16T13:04:34.138Z] info: Block Service: The best block hash is: 139214c0b61d6f2e7828e9a5ae50cd9b62e47221e4dc7b8e330cfc7a982c7854 at height: 4804070. Time between the last 2 blocks (adjusted): 4 second(s). 0 millisecond(s).
[info] (chain) Block 000c628e77f1d37ce1ecc726623cbb417fd8a3ea3f8f00612089b07c26159149 (4804071) added to chain (size=330 txs=1 time=1.743788).
[2021-06-16T13:04:35.715Z] error: Input values missing from tx.
[2021-06-16T13:04:35.716Z] info: Block Service: The best block hash is: 000c628e77f1d37ce1ecc726623cbb417fd8a3ea3f8f00612089b07c26159149 at height: 4804071. Time between the last 2 blocks (adjusted): 4 second(s). 0 millisecond(s).
[info] (chain) Block b4474ba9ab342c7e07a5e71b080770485f03c9a9c183772f681c1e7b6321bbe7 (4804072) added to chain (size=330 txs=1 time=2.210706).
[2021-06-16T13:04:38.081Z] error: Input values missing from tx.
[2021-06-16T13:04:38.082Z] info: Block Service: The best block hash is: b4474ba9ab342c7e07a5e71b080770485f03c9a9c183772f681c1e7b6321bbe7 at height: 4804072. Time between the last 2 blocks (adjusted): 2 second(s). 0 millisecond(s).
[info] (chain) Block f2c3b722fdf6d7f048adc499ac32933f220ac6c543d392f5861877bcd5458718 (4804073) added to chain (size=330 txs=1 time=1.546992).
[2021-06-16T13:04:40.785Z] error: Input values missing from tx.
[2021-06-16T13:04:40.786Z] info: Block Service: The best block hash is: f2c3b722fdf6d7f048adc499ac32933f220ac6c543d392f5861877bcd5458718 at height: 4804073. Time between the last 2 blocks (adjusted): 2 second(s). 0 millisecond(s).
[info] (chain) Block 221b6eefd18f5678b4fb293bb32824975336442ce061c8e1dda97ec5b6c43d45 (4804074) added to chain (size=330 txs=1 time=2.176069).
[2021-06-16T13:04:42.992Z] error: Input values missing from tx.
[2021-06-16T13:04:42.993Z] info: Block Service: The best block hash is: 221b6eefd18f5678b4fb293bb32824975336442ce061c8e1dda97ec5b6c43d45 at height: 4804074. Time between the last 2 blocks (adjusted): 4 second(s). 0 millisecond(s).
[info] (chain) Block 84c179810a2cc037f3a8cdf9011c7c9ade0890ff44bc8ce35d9eb75ae5a69381 (4804075) added to chain (size=330 txs=1 time=1.743988).
[2021-06-16T13:04:45.339Z] error: Input values missing from tx.
[2021-06-16T13:04:45.340Z] info: Block Service: The best block hash is: 84c179810a2cc037f3a8cdf9011c7c9ade0890ff44bc8ce35d9eb75ae5a69381 at height: 4804075. Time between the last 2 blocks (adjusted): 1 second(s). 0 millisecond(s).
[info] (chain) Block dea35f551fbdd4fa47e4efd945312f944176ecf12b7d1c008c86cb74e99d4019 (4804076) added to chain (size=330 txs=1 time=2.268796).
[2021-06-16T13:04:48.519Z] error: Input values missing from tx.
[2021-06-16T13:04:48.520Z] info: Block Service: The best block hash is: dea35f551fbdd4fa47e4efd945312f944176ecf12b7d1c008c86cb74e99d4019 at height: 4804076. Time between the last 2 blocks (adjusted): 5 second(s). 0 millisecond(s).
[info] (chain) Block e08e93fa8bc03954be4b5b5b2e5a06c98ec7c6ccee5aa8a3cb472c909e26a9e9 (4804077) added to chain (size=330 txs=1 time=2.144069).
[2021-06-16T13:04:50.161Z] error: Input values missing from tx.
[2021-06-16T13:04:50.162Z] info: Block Service: The best block hash is: e08e93fa8bc03954be4b5b5b2e5a06c98ec7c6ccee5aa8a3cb472c909e26a9e9 at height: 4804077. Time between the last 2 blocks (adjusted): 1 second(s). 0 millisecond(s).
[info] (chain) Block 0610e629781aa52e57d807a5c6cc0ef23ee27786cb38e0b710c5a7e4b2c85756 (4804078) added to chain (size=330 txs=1 time=1.297619).
[2021-06-16T13:04:51.938Z] error: Input values missing from tx.
[2021-06-16T13:04:51.939Z] info: Block Service: The best block hash is: 0610e629781aa52e57d807a5c6cc0ef23ee27786cb38e0b710c5a7e4b2c85756 at height: 4804078. Time between the last 2 blocks (adjusted): 2 second(s). 0 millisecond(s).
[2021-06-16T13:04:53.908Z] info: ::ffff:127.0.0.1 "GET /api/sync" 200 121 0.260 "curl/7.52.1"
